<?xml version="1.0" encoding="UTF-8"?>
<!-- Generated by org.testng.reporters.JUnitReportReporter -->
<testsuite hostname="GnanviMonvi" failures="0" tests="5" name="com.todomvc.test.TodoTest" time="0.680" errors="0" timestamp="2025-03-26T07:49:27 IST" skipped="0">
  <testcase classname="com.todomvc.test.TodoTest" name="testDeleteTodo" time="0.078"/>
  <testcase classname="com.todomvc.test.TodoTest" name="testClearCompleted" time="0.177"/>
  <testcase classname="com.todomvc.test.TodoTest" name="testFilterTodos" time="0.240"/>
  <testcase classname="com.todomvc.test.TodoTest" name="testMarkCompleted" time="0.060"/>
  <testcase classname="com.todomvc.test.TodoTest" name="testAddTodo" time="0.125"/>
</testsuite> <!-- com.todomvc.test.TodoTest -->
