<?xml version="1.0" encoding="UTF-8"?>
<!-- Generated by org.testng.reporters.JUnitReportReporter -->
<testsuite hostname="GnanviMonvi" failures="0" tests="5" name="com.todomvc.test.TodoTest" time="0.767" errors="0" timestamp="2025-03-26T07:44:20 IST" skipped="0">
  <testcase classname="com.todomvc.test.TodoTest" name="testFilterTodos" time="0.271"/>
  <testcase classname="com.todomvc.test.TodoTest" name="testAddTodo" time="0.118"/>
  <testcase classname="com.todomvc.test.TodoTest" name="testDeleteTodo" time="0.110"/>
  <testcase classname="com.todomvc.test.TodoTest" name="testMarkCompleted" time="0.070"/>
  <testcase classname="com.todomvc.test.TodoTest" name="testClearCompleted" time="0.198"/>
</testsuite> <!-- com.todomvc.test.TodoTest -->
